生成启动时间为 2017/5/13 21:36:31。
     1>项目“F:\vs2010_workspace\camera_show_MFC\camera_show_MFC\camera_show_MFC.vcxproj”在节点 2 上(rebuild 个目标)。
     1>_PrepareForClean:
         正在删除文件“Release\camera_show_MFC.lastbuildstate”。
       InitializeBuildStatus:
         正在创建“Release\camera_show_MFC.unsuccessfulbuild”，因为已指定“AlwaysCreate”。
       ClCompile:
         D:\Program Files (x86)\Microsoft Visual Studio 10.0\VC\bin\CL.exe /c /Zi /nologo /W3 /WX- /O2 /Oi /Oy- /GL /D WIN32 /D _WINDOWS /D NDEBUG /D _CRT_SECURE_NO_WARNINGS /D _MBCS /D _AFXDLL /Gm- /EHsc /MD /GS /Gy /fp:precise /Zc:wchar_t /Zc:forScope /Yc"StdAfx.h" /Fp"Release\camera_show_MFC.pch" /Fo"Release\\" /Fd"Release\vc100.pdb" /Gd /TP /analyze- /errorReport:prompt stdafx.cpp
         stdafx.cpp
         D:\Program Files (x86)\Microsoft Visual Studio 10.0\VC\bin\CL.exe /c /Zi /nologo /W3 /WX- /O2 /Oi /Oy- /GL /D WIN32 /D _WINDOWS /D NDEBUG /D _CRT_SECURE_NO_WARNINGS /D _MBCS /D _AFXDLL /Gm- /EHsc /MD /GS /Gy /fp:precise /Zc:wchar_t /Zc:forScope /Yu"StdAfx.h" /Fp"Release\camera_show_MFC.pch" /Fo"Release\\" /Fd"Release\vc100.pdb" /Gd /TP /analyze- /errorReport:prompt camera_show_MFC.cpp camera_show_MFCDlg.cpp CvvImage.cpp
         camera_show_MFC.cpp
         camera_show_MFCDlg.cpp
         CvvImage.cpp
       ResourceCompile:
         C:\Program Files (x86)\Microsoft SDKs\Windows\v7.0A\bin\rc.exe /D NDEBUG /D _AFXDLL /l"0x0804" /IRelease\ /nologo /fo"Release\camera_show_MFC.res" camera_show_MFC.rc 
       Link:
         D:\Program Files (x86)\Microsoft Visual Studio 10.0\VC\bin\link.exe /ERRORREPORT:PROMPT /OUT:"F:\vs2010_workspace\camera_show_MFC\Release\camera_show_MFC.exe" /INCREMENTAL:NO /NOLOGO opencv_ml2411d.lib opencv_calib3d2411d.lib opencv_contrib2411d.lib opencv_core2411d.lib opencv_features2d2411d.lib opencv_flann2411d.lib opencv_gpu2411d.lib opencv_highgui2411d.lib opencv_imgproc2411d.lib opencv_legacy2411d.lib opencv_objdetect2411d.lib opencv_ts2411d.lib opencv_video2411d.lib opencv_nonfree2411d.lib opencv_ocl2411d.lib opencv_photo2411d.lib opencv_stitching2411d.lib opencv_superres2411d.lib opencv_videostab2411d.lib opencv_objdetect2411.lib opencv_ts2411.lib opencv_video2411.lib opencv_nonfree2411.lib opencv_ocl2411.lib opencv_photo2411.lib opencv_stitching2411.lib opencv_superres2411.lib opencv_videostab2411.lib opencv_calib3d2411.lib opencv_contrib2411.lib opencv_core2411.lib opencv_features2d2411.lib opencv_flann2411.lib opencv_gpu2411.lib opencv_highgui2411.lib opencv_imgproc2411.lib opencv_legacy2411.lib opencv_ml2411.lib /MANIFEST /ManifestFile:"Release\camera_show_MFC.exe.intermediate.manifest" /MANIFESTUAC:"level='asInvoker' uiAccess='false'" /DEBUG /PDB:"F:\vs2010_workspace\camera_show_MFC\Release\camera_show_MFC.pdb" /SUBSYSTEM:WINDOWS /OPT:REF /OPT:ICF /LTCG /TLBID:1 /DYNAMICBASE /NXCOMPAT /IMPLIB:"F:\vs2010_workspace\camera_show_MFC\Release\camera_show_MFC.lib" /MACHINE:X86 Release\camera_show_MFC.res
         Release\camera_show_MFC.obj
         Release\camera_show_MFCDlg.obj
         Release\CvvImage.obj
         Release\stdafx.obj
         正在生成代码
         已完成代码的生成
         camera_show_MFC.vcxproj -> F:\vs2010_workspace\camera_show_MFC\Release\camera_show_MFC.exe
       Manifest:
         C:\Program Files (x86)\Microsoft SDKs\Windows\v7.0A\bin\mt.exe /nologo /verbose /outputresource:"F:\vs2010_workspace\camera_show_MFC\Release\camera_show_MFC.exe;#1" /manifest Release\camera_show_MFC.exe.intermediate.manifest "D:\Program Files (x86)\Microsoft Visual Studio 10.0\VC\Include\Manifest\dpiaware.manifest"
       FinalizeBuildStatus:
         正在删除文件“Release\camera_show_MFC.unsuccessfulbuild”。
         正在对“Release\camera_show_MFC.lastbuildstate”执行 Touch 任务。
     1>已完成生成项目“F:\vs2010_workspace\camera_show_MFC\camera_show_MFC\camera_show_MFC.vcxproj”(rebuild 个目标)的操作。

生成成功。

已用时间 00:00:07.60
