F:\VS2010_WORKSPACE\CAMERA_SHOW_MFC\CAMERA_SHOW_MFC\RELEASE\CAMERA_SHOW_MFC.EXE.INTERMEDIATE.MANIFEST
F:\VS2010_WORKSPACE\CAMERA_SHOW_MFC\CAMERA_SHOW_MFC\RELEASE\CAMERA_SHOW_MFC.OBJ
F:\VS2010_WORKSPACE\CAMERA_SHOW_MFC\CAMERA_SHOW_MFC\RELEASE\CAMERA_SHOW_MFC.PCH
F:\VS2010_WORKSPACE\CAMERA_SHOW_MFC\CAMERA_SHOW_MFC\RELEASE\CAMERA_SHOW_MFC.RES
F:\vs2010_workspace\camera_show_MFC\camera_show_MFC\Release\camera_show_MFC.write.1.tlog
F:\VS2010_WORKSPACE\CAMERA_SHOW_MFC\CAMERA_SHOW_MFC\RELEASE\CAMERA_SHOW_MFCDLG.OBJ
F:\vs2010_workspace\camera_show_MFC\camera_show_MFC\Release\cl.command.1.tlog
F:\vs2010_workspace\camera_show_MFC\camera_show_MFC\Release\CL.read.1.tlog
F:\vs2010_workspace\camera_show_MFC\camera_show_MFC\Release\CL.write.1.tlog
F:\VS2010_WORKSPACE\CAMERA_SHOW_MFC\CAMERA_SHOW_MFC\RELEASE\CVVIMAGE.OBJ
F:\vs2010_workspace\camera_show_MFC\camera_show_MFC\Release\link.command.1.tlog
F:\vs2010_workspace\camera_show_MFC\camera_show_MFC\Release\link.read.1.tlog
F:\vs2010_workspace\camera_show_MFC\camera_show_MFC\Release\link.write.1.tlog
F:\vs2010_workspace\camera_show_MFC\camera_show_MFC\Release\link-cvtres.read.1.tlog
F:\vs2010_workspace\camera_show_MFC\camera_show_MFC\Release\link-cvtres.write.1.tlog
F:\vs2010_workspace\camera_show_MFC\camera_show_MFC\Release\mt.command.1.tlog
F:\vs2010_workspace\camera_show_MFC\camera_show_MFC\Release\mt.read.1.tlog
F:\vs2010_workspace\camera_show_MFC\camera_show_MFC\Release\mt.write.1.tlog
F:\vs2010_workspace\camera_show_MFC\camera_show_MFC\Release\rc.command.1.tlog
F:\vs2010_workspace\camera_show_MFC\camera_show_MFC\Release\rc.read.1.tlog
F:\vs2010_workspace\camera_show_MFC\camera_show_MFC\Release\rc.write.1.tlog
F:\VS2010_WORKSPACE\CAMERA_SHOW_MFC\CAMERA_SHOW_MFC\RELEASE\STDAFX.OBJ
F:\VS2010_WORKSPACE\CAMERA_SHOW_MFC\CAMERA_SHOW_MFC\RELEASE\VC100.PDB
F:\VS2010_WORKSPACE\CAMERA_SHOW_MFC\RELEASE\CAMERA_SHOW_MFC.EXE
F:\VS2010_WORKSPACE\CAMERA_SHOW_MFC\RELEASE\CAMERA_SHOW_MFC.PDB
