F:\VS2010_WORKSPACE\CAMERA_SHOW_MFC\CAMERA_SHOW_MFC\DEBUG\CALIBDLG.OBJ
F:\VS2010_WORKSPACE\CAMERA_SHOW_MFC\CAMERA_SHOW_MFC\DEBUG\CAMERA_SHOW_MFC.EXE.EMBED.MANIFEST
F:\VS2010_WORKSPACE\CAMERA_SHOW_MFC\CAMERA_SHOW_MFC\DEBUG\CAMERA_SHOW_MFC.EXE.EMBED.MANIFEST.RES
F:\VS2010_WORKSPACE\CAMERA_SHOW_MFC\CAMERA_SHOW_MFC\DEBUG\CAMERA_SHOW_MFC.EXE.INTERMEDIATE.MANIFEST
F:\VS2010_WORKSPACE\CAMERA_SHOW_MFC\CAMERA_SHOW_MFC\DEBUG\CAMERA_SHOW_MFC.OBJ
F:\VS2010_WORKSPACE\CAMERA_SHOW_MFC\CAMERA_SHOW_MFC\DEBUG\CAMERA_SHOW_MFC.PCH
F:\VS2010_WORKSPACE\CAMERA_SHOW_MFC\CAMERA_SHOW_MFC\DEBUG\CAMERA_SHOW_MFC.RES
F:\vs2010_workspace\camera_show_MFC\camera_show_MFC\Debug\camera_show_MFC.write.1.tlog
F:\vs2010_workspace\camera_show_MFC\camera_show_MFC\Debug\camera_show_MFC_manifest.rc
F:\VS2010_WORKSPACE\CAMERA_SHOW_MFC\CAMERA_SHOW_MFC\DEBUG\CAMERA_SHOW_MFCDLG.OBJ
F:\vs2010_workspace\camera_show_MFC\camera_show_MFC\Debug\cl.command.1.tlog
F:\vs2010_workspace\camera_show_MFC\camera_show_MFC\Debug\CL.read.1.tlog
F:\vs2010_workspace\camera_show_MFC\camera_show_MFC\Debug\CL.write.1.tlog
F:\VS2010_WORKSPACE\CAMERA_SHOW_MFC\CAMERA_SHOW_MFC\DEBUG\CVVIMAGE.OBJ
F:\vs2010_workspace\camera_show_MFC\camera_show_MFC\Debug\link.command.1.tlog
F:\vs2010_workspace\camera_show_MFC\camera_show_MFC\Debug\link.read.1.tlog
F:\vs2010_workspace\camera_show_MFC\camera_show_MFC\Debug\link.write.1.tlog
F:\vs2010_workspace\camera_show_MFC\camera_show_MFC\Debug\link-cvtres.read.1.tlog
F:\vs2010_workspace\camera_show_MFC\camera_show_MFC\Debug\link-cvtres.write.1.tlog
F:\vs2010_workspace\camera_show_MFC\camera_show_MFC\Debug\mt.command.1.tlog
F:\vs2010_workspace\camera_show_MFC\camera_show_MFC\Debug\mt.read.1.tlog
F:\vs2010_workspace\camera_show_MFC\camera_show_MFC\Debug\mt.write.1.tlog
F:\vs2010_workspace\camera_show_MFC\camera_show_MFC\Debug\rc.command.1.tlog
F:\vs2010_workspace\camera_show_MFC\camera_show_MFC\Debug\rc.read.1.tlog
F:\vs2010_workspace\camera_show_MFC\camera_show_MFC\Debug\rc.write.1.tlog
F:\VS2010_WORKSPACE\CAMERA_SHOW_MFC\CAMERA_SHOW_MFC\DEBUG\SHOTDLG.OBJ
F:\VS2010_WORKSPACE\CAMERA_SHOW_MFC\CAMERA_SHOW_MFC\DEBUG\STDAFX.OBJ
F:\VS2010_WORKSPACE\CAMERA_SHOW_MFC\CAMERA_SHOW_MFC\DEBUG\STEREOCALI.OBJ
F:\vs2010_workspace\camera_show_MFC\camera_show_MFC\Debug\vc100.idb
F:\VS2010_WORKSPACE\CAMERA_SHOW_MFC\CAMERA_SHOW_MFC\DEBUG\VC100.PDB
F:\VS2010_WORKSPACE\CAMERA_SHOW_MFC\DEBUG\CAMERA_SHOW_MFC.EXE
F:\VS2010_WORKSPACE\CAMERA_SHOW_MFC\DEBUG\CAMERA_SHOW_MFC.ILK
F:\VS2010_WORKSPACE\CAMERA_SHOW_MFC\DEBUG\CAMERA_SHOW_MFC.PDB
